0 info it worked if it ends with ok
1 verbose cli [ '/Users/alex/.nvm/versions/node/v6.9.5/bin/node',
1 verbose cli   '/Users/alex/.nvm/versions/node/v6.9.5/bin/npm',
1 verbose cli   'run',
1 verbose cli   'eslint:watch' ]
2 info using npm@3.10.10
3 info using node@v6.9.5
4 verbose run-script [ 'preeslint:watch', 'eslint:watch', 'posteslint:watch' ]
5 info lifecycle mailatt@0.0.0-beta.8~preeslint:watch: mailatt@0.0.0-beta.8
6 silly lifecycle mailatt@0.0.0-beta.8~preeslint:watch: no script for preeslint:watch, continuing
7 info lifecycle mailatt@0.0.0-beta.8~eslint:watch: mailatt@0.0.0-beta.8
8 verbose lifecycle mailatt@0.0.0-beta.8~eslint:watch: unsafe-perm in lifecycle true
9 verbose lifecycle mailatt@0.0.0-beta.8~eslint:watch: PATH: /Users/alex/.nvm/versions/node/v6.9.5/lib/node_modules/npm/bin/node-gyp-bin:/Volumes/data/my_data/dev/github/mailatt/node_modules/.bin:/Users/alex/.nvm/versions/node/v6.9.5/bin:/usr/local/bin:/usr/bin:/bin:/usr/sbin:/sbin
10 verbose lifecycle mailatt@0.0.0-beta.8~eslint:watch: CWD: /Volumes/data/my_data/dev/github/mailatt
11 silly lifecycle mailatt@0.0.0-beta.8~eslint:watch: Args: [ '-c',
11 silly lifecycle   'esw --color --ignore-pattern !**/*.{test,mock}.js src/ -w' ]
12 silly lifecycle mailatt@0.0.0-beta.8~eslint:watch: Returned: code: 1  signal: null
13 info lifecycle mailatt@0.0.0-beta.8~eslint:watch: Failed to exec eslint:watch script
14 verbose stack Error: mailatt@0.0.0-beta.8 eslint:watch: `esw --color --ignore-pattern !**/*.{test,mock}.js src/ -w`
14 verbose stack Exit status 1
14 verbose stack     at EventEmitter.<anonymous> (/Users/alex/.nvm/versions/node/v6.9.5/lib/node_modules/npm/lib/utils/lifecycle.js:255:16)
14 verbose stack     at emitTwo (events.js:106:13)
14 verbose stack     at EventEmitter.emit (events.js:191:7)
14 verbose stack     at ChildProcess.<anonymous> (/Users/alex/.nvm/versions/node/v6.9.5/lib/node_modules/npm/lib/utils/spawn.js:40:14)
14 verbose stack     at emitTwo (events.js:106:13)
14 verbose stack     at ChildProcess.emit (events.js:191:7)
14 verbose stack     at maybeClose (internal/child_process.js:877:16)
14 verbose stack     at Process.ChildProcess._handle.onexit (internal/child_process.js:226:5)
15 verbose pkgid mailatt@0.0.0-beta.8
16 verbose cwd /Volumes/data/my_data/dev/github/mailatt
17 error Darwin 14.5.0
18 error argv "/Users/alex/.nvm/versions/node/v6.9.5/bin/node" "/Users/alex/.nvm/versions/node/v6.9.5/bin/npm" "run" "eslint:watch"
19 error node v6.9.5
20 error npm  v3.10.10
21 error code ELIFECYCLE
22 error mailatt@0.0.0-beta.8 eslint:watch: `esw --color --ignore-pattern !**/*.{test,mock}.js src/ -w`
22 error Exit status 1
23 error Failed at the mailatt@0.0.0-beta.8 eslint:watch script 'esw --color --ignore-pattern !**/*.{test,mock}.js src/ -w'.
23 error Make sure you have the latest version of node.js and npm installed.
23 error If you do, this is most likely a problem with the mailatt package,
23 error not with npm itself.
23 error Tell the author that this fails on your system:
23 error     esw --color --ignore-pattern !**/*.{test,mock}.js src/ -w
23 error You can get information on how to open an issue for this project with:
23 error     npm bugs mailatt
23 error Or if that isn't available, you can get their info via:
23 error     npm owner ls mailatt
23 error There is likely additional logging output above.
24 verbose exit [ 1, true ]
